2020-10-04 09:37:08,767 INFO  [org.jboss.modules] (main) JBoss Modules version 1.10.1.Final
2020-10-04 09:37:20,583 INFO  [org.jboss.msc] (main) JBoss MSC version 1.4.11.Final
2020-10-04 09:37:20,640 INFO  [org.jboss.threads] (main) JBoss Threads version 2.3.3.Final
2020-10-04 09:37:21,112 INFO  [org.jboss.as] (MSC service thread 1-2) WFLYSRV0049: Keycloak 11.0.2 (WildFly Core 12.0.3.Final) starting
2020-10-04 09:37:21,117 DEBUG [org.jboss.as.config] (MSC service thread 1-2) Configured system properties:
	awt.toolkit = sun.awt.windows.WToolkit
	file.encoding = Cp1252
	file.encoding.pkg = sun.io
	file.separator = \
	java.awt.graphicsenv = sun.awt.Win32GraphicsEnvironment
	java.awt.printerjob = sun.awt.windows.WPrinterJob
	java.class.path = G:\DITI4\JEE\project_keyclock\keycloak\jboss-modules.jar
	java.class.version = 52.0
	java.endorsed.dirs = C:\Program Files\Java\jre1.8.0_151\lib\endorsed
	java.ext.dirs = C:\Program Files\Java\jre1.8.0_151\lib\ext;C:\WINDOWS\Sun\Java\lib\ext
	java.home = C:\Program Files\Java\jre1.8.0_151
	java.io.tmpdir = C:\Users\HP\AppData\Local\Temp\
	java.library.path = C:\ProgramData\Oracle\Java\javapath;C:\WINDOWS\Sun\Java\bin;C:\WINDOWS\system32;C:\WINDOWS;C:\installation_oracle\product\11.2.0\dbhome_1\bin;C:\app\HP\product\11.2.0\dbhome_1\bin;C:\ProgramData\Oracle\Java\javapath;C:\WINDOWS\system32;C:\WINDOWS;C:\WINDOWS\System32\Wbem;C:\WINDOWS\System32\WindowsPowerShell\v1.0\;C:\Program Files\dotnet\;C:\Program Files\Microsoft SQL Server\130\Tools\Binn\;C:\Program Files (x86)\Yarn\bin\;C:\Program Files\nodejs\;C:\xampp\php;C:\composer;C:\Program Files\Git\cmd;C:\Program Files\Microsoft SQL Server\120\DTS\Binn\;C:\Program Files\Microsoft SQL Server\Client SDK\ODBC\110\Tools\Binn\;C:\Program Files (x86)\Microsoft SQL Server\120\Tools\Binn\;C:\Program Files\Microsoft SQL Server\120\Tools\Binn\;C:\Program Files (x86)\Microsoft SQL Server\120\Tools\Binn\ManagementStudio\;C:\Program Files (x86)\Microsoft SQL Server\120\DTS\Binn\;C:\Microsoft SQL Server Migration Assistant for MySQL\bin\;C:\Program Files\Java\jdk1.8.0_151\bin;C:\Users\HP\AppData\Local\Programs\Python\Python38-32;C:\WINDOWS\System32\OpenSSH\;C:\apache-maven-3.6.3\apache-maven\src\bin;C:\Program Files\PostgreSQL\13\bin;C:\Program Files\PostgreSQL\13\lib;;C:\Users\HP\AppData\Local\Programs\Microsoft VS Code\bin;C:\Users\HP\.dotnet\tools;C:\Users\HP\AppData\Local\Yarn\bin;C:\Program Files\IntelliJ IDEA 2020.1.2\bin;;C:\Users\HP\AppData\Roaming\npm;C:\Users\HP\AppData\Roaming\Composer\vendor\bin;C:\Users\HP\AppData\Local\Microsoft\WindowsApps;C:\Program Files\JetBrains\IntelliJ IDEA Community Edition 2020.1.2\bin;;C:\Program Files\JetBrains\WebStorm 2020.2.2\bin;;C:\Program Files\JetBrains\PhpStorm 2019.1.3\bin;;.
	java.net.preferIPv4Stack = true
	java.runtime.name = Java(TM) SE Runtime Environment
	java.runtime.version = 1.8.0_151-b12
	java.specification.name = Java Platform API Specification
	java.specification.vendor = Oracle Corporation
	java.specification.version = 1.8
	java.util.logging.manager = org.jboss.logmanager.LogManager
	java.vendor = Oracle Corporation
	java.vendor.url = http://java.oracle.com/
	java.vendor.url.bug = http://bugreport.sun.com/bugreport/
	java.version = 1.8.0_151
	java.vm.info = mixed mode
	java.vm.name = Java HotSpot(TM) 64-Bit Server VM
	java.vm.specification.name = Java Virtual Machine Specification
	java.vm.specification.vendor = Oracle Corporation
	java.vm.specification.version = 1.8
	java.vm.vendor = Oracle Corporation
	java.vm.version = 25.151-b12
	javax.management.builder.initial = org.jboss.as.jmx.PluggableMBeanServerBuilder
	jboss.home.dir = G:\DITI4\JEE\project_keyclock\keycloak
	jboss.host.name = desktop-4pja5v6
	jboss.modules.dir = G:\DITI4\JEE\project_keyclock\keycloak\modules
	jboss.modules.system.pkgs = org.jboss.byteman
	jboss.node.name = desktop-4pja5v6
	jboss.qualified.host.name = desktop-4pja5v6
	jboss.server.base.dir = G:\DITI4\JEE\project_keyclock\keycloak\standalone
	jboss.server.config.dir = G:\DITI4\JEE\project_keyclock\keycloak\standalone\configuration
	jboss.server.data.dir = G:\DITI4\JEE\project_keyclock\keycloak\standalone\data
	jboss.server.deploy.dir = G:\DITI4\JEE\project_keyclock\keycloak\standalone\data\content
	jboss.server.log.dir = G:\DITI4\JEE\project_keyclock\keycloak\standalone\log
	jboss.server.name = desktop-4pja5v6
	jboss.server.persist.config = true
	jboss.server.temp.dir = G:\DITI4\JEE\project_keyclock\keycloak\standalone\tmp
	line.separator = 

	logging.configuration = file:G:\DITI4\JEE\project_keyclock\keycloak\standalone\configuration/logging.properties
	module.path = G:\DITI4\JEE\project_keyclock\keycloak\modules
	org.jboss.boot.log.file = G:\DITI4\JEE\project_keyclock\keycloak\standalone\log\server.log
	org.jboss.resolver.warning = true
	os.arch = amd64
	os.name = Windows 10
	os.version = 10.0
	path.separator = ;
	program.name = standalone.bat
	sun.arch.data.model = 64
	sun.boot.class.path = C:\Program Files\Java\jre1.8.0_151\lib\resources.jar;C:\Program Files\Java\jre1.8.0_151\lib\rt.jar;C:\Program Files\Java\jre1.8.0_151\lib\sunrsasign.jar;C:\Program Files\Java\jre1.8.0_151\lib\jsse.jar;C:\Program Files\Java\jre1.8.0_151\lib\jce.jar;C:\Program Files\Java\jre1.8.0_151\lib\charsets.jar;C:\Program Files\Java\jre1.8.0_151\lib\jfr.jar;C:\Program Files\Java\jre1.8.0_151\classes
	sun.boot.library.path = C:\Program Files\Java\jre1.8.0_151\bin
	sun.cpu.endian = little
	sun.cpu.isalist = amd64
	sun.desktop = windows
	sun.io.unicode.encoding = UnicodeLittle
	sun.java.command = G:\DITI4\JEE\project_keyclock\keycloak\jboss-modules.jar -mp G:\DITI4\JEE\project_keyclock\keycloak\modules org.jboss.as.standalone -Djboss.home.dir=G:\DITI4\JEE\project_keyclock\keycloak
	sun.java.launcher = SUN_STANDARD
	sun.jnu.encoding = Cp1252
	sun.management.compiler = HotSpot 64-Bit Tiered Compilers
	sun.os.patch.level = 
	sun.stderr.encoding = cp850
	sun.stdout.encoding = cp850
	user.country = FR
	user.dir = G:\DITI4\JEE\project_keyclock\keycloak\bin
	user.home = C:\Users\HP
	user.language = fr
	user.name = HP
	user.script = 
	user.timezone = UTC
	user.variant = 
2020-10-04 09:37:21,117 DEBUG [org.jboss.as.config] (MSC service thread 1-2) VM Arguments: -Dprogram.name=standalone.bat -Xms64M -Xmx512M -XX:MetaspaceSize=96M -XX:MaxMetaspaceSize=256m -Djava.net.preferIPv4Stack=true -Djboss.modules.system.pkgs=org.jboss.byteman -Dorg.jboss.boot.log.file=G:\DITI4\JEE\project_keyclock\keycloak\standalone\log\server.log -Dlogging.configuration=file:G:\DITI4\JEE\project_keyclock\keycloak\standalone\configuration/logging.properties 
2020-10-04 09:37:28,521 INFO  [org.wildfly.security] (ServerService Thread Pool -- 20) ELY00001: WildFly Elytron version 1.12.1.Final
2020-10-04 09:37:35,123 INFO  [org.jboss.as.controller.management-deprecated] (Controller Boot Thread) WFLYCTL0028: Attribute 'security-realm' in the resource at address '/core-service=management/management-interface=http-interface' is deprecated, and may be removed in a future version. See the attribute description in the output of the read-resource-description operation to learn more about the deprecation.
2020-10-04 09:37:35,163 INFO  [org.jboss.as.controller.management-deprecated] (ServerService Thread Pool -- 26) WFLYCTL0028: Attribute 'security-realm' in the resource at address '/subsystem=undertow/server=default-server/https-listener=https' is deprecated, and may be removed in a future version. See the attribute description in the output of the read-resource-description operation to learn more about the deprecation.
2020-10-04 09:37:35,278 INFO  [org.jboss.as.server] (Controller Boot Thread) WFLYSRV0039: Creating http management service using socket-binding (management-http)
2020-10-04 09:37:35,536 INFO  [org.xnio] (MSC service thread 1-1) XNIO version 3.8.1.Final
2020-10-04 09:37:35,586 INFO  [org.xnio.nio] (MSC service thread 1-1) XNIO NIO Implementation Version 3.8.1.Final
2020-10-04 09:37:35,675 WARN  [org.jboss.as.txn] (ServerService Thread Pool -- 49) WFLYTX0013: The node-identifier attribute on the /subsystem=transactions is set to the default value. This is a danger for environments running multiple servers. Please make sure the attribute value is unique.
2020-10-04 09:37:35,680 INFO  [org.jboss.as.clustering.infinispan] (ServerService Thread Pool -- 37) WFLYCLINF0001: Activating Infinispan subsystem.
2020-10-04 09:37:35,690 INFO  [org.jboss.as.security] (ServerService Thread Pool -- 48) WFLYSEC0002: Activating Security Subsystem
2020-10-04 09:37:35,690 INFO  [org.wildfly.extension.microprofile.config.smallrye._private] (ServerService Thread Pool -- 51) WFLYCONF0001: Activating WildFly MicroProfile Config Subsystem
2020-10-04 09:37:35,690 INFO  [org.jboss.as.naming] (ServerService Thread Pool -- 43) WFLYNAM0001: Activating Naming Subsystem
2020-10-04 09:37:35,695 INFO  [org.wildfly.extension.microprofile.health.smallrye] (ServerService Thread Pool -- 52) WFLYHEALTH0001: Activating Eclipse MicroProfile Health Subsystem
2020-10-04 09:37:35,705 INFO  [org.jboss.as.connector] (MSC service thread 1-8) WFLYJCA0009: Starting JCA Subsystem (WildFly/IronJacamar 1.4.22.Final)
2020-10-04 09:37:35,725 INFO  [org.wildfly.extension.microprofile.metrics.smallrye] (ServerService Thread Pool -- 53) WFLYMETRICS0001: Activating Eclipse MicroProfile Metrics Subsystem
2020-10-04 09:37:35,810 INFO  [org.jboss.as.security] (MSC service thread 1-3) WFLYSEC0001: Current PicketBox version=5.0.3.Final-redhat-00005
2020-10-04 09:37:36,841 INFO  [org.wildfly.extension.io] (ServerService Thread Pool -- 36) WFLYIO001: Worker 'default' has auto-configured to 16 IO threads with 128 max task threads based on your 8 available processors
2020-10-04 09:37:37,068 INFO  [org.wildfly.extension.undertow] (MSC service thread 1-6) WFLYUT0003: Undertow 2.1.3.Final starting
2020-10-04 09:37:37,323 INFO  [org.jboss.as.naming] (MSC service thread 1-8) WFLYNAM0003: Starting Naming Service
2020-10-04 09:37:37,323 INFO  [org.jboss.as.mail.extension] (MSC service thread 1-8) WFLYMAIL0001: Bound mail session [java:jboss/mail/Default]
2020-10-04 09:37:37,579 INFO  [org.jboss.as.connector.subsystems.datasources] (ServerService Thread Pool -- 32) WFLYJCA0004: Deploying JDBC-compliant driver class org.h2.Driver (version 1.4)
2020-10-04 09:37:37,604 WARN  [org.wildfly.clustering.web.undertow] (ServerService Thread Pool -- 54) WFLYCLWEBUT0007: No routing provider found for default-server; using legacy provider based on static configuration
2020-10-04 09:37:37,773 INFO  [org.jboss.as.connector.deployers.jdbc] (MSC service thread 1-2) WFLYJCA0018: Started Driver service with driver-name = h2
2020-10-04 09:37:37,828 INFO  [org.jboss.remoting] (MSC service thread 1-3) JBoss Remoting version 5.0.18.Final
2020-10-04 09:37:39,230 INFO  [org.wildfly.extension.undertow] (ServerService Thread Pool -- 54) WFLYUT0014: Creating file handler for path 'G:\DITI4\JEE\project_keyclock\keycloak/welcome-content' with options [directory-listing: 'false', follow-symlink: 'false', case-sensitive: 'true', safe-symlink-paths: '[]']
2020-10-04 09:37:39,315 INFO  [org.wildfly.extension.undertow] (MSC service thread 1-4) WFLYUT0012: Started server default-server.
2020-10-04 09:37:39,372 INFO  [org.jboss.as.ejb3] (MSC service thread 1-3) WFLYEJB0493: EJB subsystem suspension complete
2020-10-04 09:37:39,372 INFO  [org.jboss.as.ejb3] (MSC service thread 1-4) WFLYEJB0482: Strict pool mdb-strict-max-pool is using a max instance size of 32 (per class), which is derived from the number of CPUs on this host.
2020-10-04 09:37:39,372 INFO  [org.jboss.as.ejb3] (MSC service thread 1-7) WFLYEJB0481: Strict pool slsb-strict-max-pool is using a max instance size of 128 (per class), which is derived from thread worker pool sizing.
2020-10-04 09:37:39,372 INFO  [org.wildfly.extension.undertow] (MSC service thread 1-1) WFLYUT0018: Host default-host starting
2020-10-04 09:37:39,498 INFO  [org.jboss.as.jaxrs] (ServerService Thread Pool -- 38) WFLYRS0016: RESTEasy version 3.12.1.Final
2020-10-04 09:37:39,710 INFO  [org.wildfly.extension.undertow] (MSC service thread 1-2) WFLYUT0006: Undertow HTTP listener default listening on 127.0.0.1:8080
2020-10-04 09:37:40,328 INFO  [org.jboss.as.connector.subsystems.datasources] (MSC service thread 1-2) WFLYJCA0001: Bound data source [java:jboss/datasources/ExampleDS]
2020-10-04 09:37:40,328 INFO  [org.jboss.as.connector.subsystems.datasources] (MSC service thread 1-4) WFLYJCA0001: Bound data source [java:jboss/datasources/KeycloakDS]
2020-10-04 09:37:42,666 INFO  [org.jboss.as.patching] (MSC service thread 1-7) WFLYPAT0050: Keycloak cumulative patch ID is: base, one-off patches include: none
2020-10-04 09:37:42,751 WARN  [org.jboss.as.domain.management.security] (MSC service thread 1-5) WFLYDM0111: Keystore G:\DITI4\JEE\project_keyclock\keycloak\standalone\configuration\application.keystore not found, it will be auto generated on first use with a self signed certificate for host localhost
2020-10-04 09:37:42,811 INFO  [org.jboss.as.server.deployment.scanner] (MSC service thread 1-2) WFLYDS0013: Started FileSystemDeploymentService for directory G:\DITI4\JEE\project_keyclock\keycloak\standalone\deployments
2020-10-04 09:37:43,173 INFO  [org.jboss.as.server.deployment] (MSC service thread 1-4) WFLYSRV0027: Starting deployment of "keycloak-server.war" (runtime-name: "keycloak-server.war")
2020-10-04 09:37:43,935 INFO  [org.wildfly.extension.undertow] (MSC service thread 1-4) WFLYUT0006: Undertow HTTPS listener https listening on 127.0.0.1:8443
2020-10-04 09:37:47,728 INFO  [org.infinispan.PERSISTENCE] (MSC service thread 1-1) ISPN000556: Starting user marshaller 'org.wildfly.clustering.infinispan.marshalling.jboss.JBossMarshaller'
2020-10-04 09:37:47,728 INFO  [org.infinispan.PERSISTENCE] (MSC service thread 1-7) ISPN000556: Starting user marshaller 'org.wildfly.clustering.infinispan.marshalling.jboss.JBossMarshaller'
2020-10-04 09:37:47,758 INFO  [org.infinispan.CONTAINER] (MSC service thread 1-7) ISPN000128: Infinispan version: Infinispan 'Turia' 10.1.8.Final
2020-10-04 09:37:48,249 INFO  [org.jboss.as.clustering.infinispan] (ServerService Thread Pool -- 63) WFLYCLINF0002: Started work cache from keycloak container
2020-10-04 09:37:48,249 INFO  [org.jboss.as.clustering.infinispan] (ServerService Thread Pool -- 65) WFLYCLINF0002: Started authenticationSessions cache from keycloak container
2020-10-04 09:37:48,249 INFO  [org.jboss.as.clustering.infinispan] (ServerService Thread Pool -- 62) WFLYCLINF0002: Started clientSessions cache from keycloak container
2020-10-04 09:37:48,249 INFO  [org.jboss.as.clustering.infinispan] (ServerService Thread Pool -- 69) WFLYCLINF0002: Started offlineSessions cache from keycloak container
2020-10-04 09:37:48,254 INFO  [org.jboss.as.clustering.infinispan] (ServerService Thread Pool -- 64) WFLYCLINF0002: Started sessions cache from keycloak container
2020-10-04 09:37:48,254 INFO  [org.jboss.as.clustering.infinispan] (ServerService Thread Pool -- 60) WFLYCLINF0002: Started offlineClientSessions cache from keycloak container
2020-10-04 09:37:48,254 INFO  [org.jboss.as.clustering.infinispan] (ServerService Thread Pool -- 68) WFLYCLINF0002: Started actionTokens cache from keycloak container
2020-10-04 09:37:48,254 INFO  [org.jboss.as.clustering.infinispan] (ServerService Thread Pool -- 58) WFLYCLINF0002: Started loginFailures cache from keycloak container
2020-10-04 09:37:48,259 INFO  [org.jboss.as.clustering.infinispan] (ServerService Thread Pool -- 57) WFLYCLINF0002: Started client-mappings cache from ejb container
2020-10-04 09:37:48,610 INFO  [org.jboss.as.clustering.infinispan] (ServerService Thread Pool -- 59) WFLYCLINF0002: Started users cache from keycloak container
2020-10-04 09:37:48,610 INFO  [org.jboss.as.clustering.infinispan] (ServerService Thread Pool -- 61) WFLYCLINF0002: Started authorization cache from keycloak container
2020-10-04 09:37:48,610 INFO  [org.jboss.as.clustering.infinispan] (ServerService Thread Pool -- 66) WFLYCLINF0002: Started realms cache from keycloak container
2020-10-04 09:37:48,610 INFO  [org.jboss.as.clustering.infinispan] (ServerService Thread Pool -- 67) WFLYCLINF0002: Started keys cache from keycloak container
2020-10-04 09:37:49,847 WARN  [org.jboss.as.server.deployment] (MSC service thread 1-3) WFLYSRV0273: Excluded subsystem webservices via jboss-deployment-structure.xml does not exist.
2020-10-04 09:37:52,364 INFO  [org.keycloak.services] (ServerService Thread Pool -- 57) KC-SERVICES0001: Loading config from standalone.xml or domain.xml
2020-10-04 09:37:54,474 INFO  [org.keycloak.url.DefaultHostnameProviderFactory] (ServerService Thread Pool -- 57) Frontend: <request>, Admin: <frontend>, Backend: <request>
2020-10-04 09:37:54,670 INFO  [org.jboss.as.clustering.infinispan] (ServerService Thread Pool -- 57) WFLYCLINF0002: Started realmRevisions cache from keycloak container
2020-10-04 09:37:54,674 INFO  [org.jboss.as.clustering.infinispan] (ServerService Thread Pool -- 57) WFLYCLINF0002: Started userRevisions cache from keycloak container
2020-10-04 09:37:54,674 INFO  [org.jboss.as.clustering.infinispan] (ServerService Thread Pool -- 57) WFLYCLINF0002: Started authorizationRevisions cache from keycloak container
2020-10-04 09:37:54,674 INFO  [org.keycloak.connections.infinispan.DefaultInfinispanConnectionProviderFactory] (ServerService Thread Pool -- 57) Node name: desktop-4pja5v6, Site name: null
2020-10-04 09:38:05,757 INFO  [org.keycloak.connections.jpa.updater.liquibase.LiquibaseJpaUpdaterProvider] (ServerService Thread Pool -- 57) Initializing database schema. Using changelog META-INF/jpa-changelog-master.xml
2020-10-04 09:38:07,958 INFO  [org.hibernate.jpa.internal.util.LogHelper] (ServerService Thread Pool -- 57) HHH000204: Processing PersistenceUnitInfo [
	name: keycloak-default
	...]
2020-10-04 09:38:08,150 INFO  [org.hibernate.Version] (ServerService Thread Pool -- 57) HHH000412: Hibernate Core {5.3.17.Final}
2020-10-04 09:38:08,150 INFO  [org.hibernate.cfg.Environment] (ServerService Thread Pool -- 57) HHH000206: hibernate.properties not found
2020-10-04 09:38:09,045 INFO  [org.hibernate.annotations.common.Version] (ServerService Thread Pool -- 57) HCANN000001: Hibernate Commons Annotations {5.0.5.Final}
2020-10-04 09:38:09,425 INFO  [org.hibernate.dialect.Dialect] (ServerService Thread Pool -- 57) HHH000400: Using dialect: org.hibernate.dialect.H2Dialect
2020-10-04 09:38:09,435 WARN  [org.hibernate.dialect.H2Dialect] (ServerService Thread Pool -- 57) HHH000431: Unable to determine H2 database version, certain features may not work
2020-10-04 09:38:09,535 INFO  [org.hibernate.envers.boot.internal.EnversServiceImpl] (ServerService Thread Pool -- 57) Envers integration enabled? : true
2020-10-04 09:38:10,112 INFO  [org.hibernate.orm.beans] (ServerService Thread Pool -- 57) HHH10005002: No explicit CDI BeanManager reference was passed to Hibernate, but CDI is available on the Hibernate ClassLoader.
2020-10-04 09:38:10,267 INFO  [org.hibernate.validator.internal.util.Version] (ServerService Thread Pool -- 57) HV000001: Hibernate Validator 6.0.20.Final
2020-10-04 09:38:11,286 INFO  [org.hibernate.hql.internal.QueryTranslatorFactoryInitiator] (ServerService Thread Pool -- 57) HHH000397: Using ASTQueryTranslatorFactory
2020-10-04 09:38:12,256 INFO  [org.keycloak.services] (ServerService Thread Pool -- 57) KC-SERVICES0050: Initializing master realm
2020-10-04 09:38:13,423 INFO  [org.jboss.resteasy.resteasy_jaxrs.i18n] (ServerService Thread Pool -- 57) RESTEASY002225: Deploying javax.ws.rs.core.Application: class org.keycloak.services.resources.KeycloakApplication
2020-10-04 09:38:13,433 INFO  [org.jboss.resteasy.resteasy_jaxrs.i18n] (ServerService Thread Pool -- 57) RESTEASY002200: Adding class resource org.keycloak.services.resources.ThemeResource from Application class org.keycloak.services.resources.KeycloakApplication
2020-10-04 09:38:13,438 INFO  [org.jboss.resteasy.resteasy_jaxrs.i18n] (ServerService Thread Pool -- 57) RESTEASY002200: Adding class resource org.keycloak.services.resources.JsResource from Application class org.keycloak.services.resources.KeycloakApplication
2020-10-04 09:38:13,438 INFO  [org.jboss.resteasy.resteasy_jaxrs.i18n] (ServerService Thread Pool -- 57) RESTEASY002205: Adding provider class org.keycloak.services.error.KeycloakErrorHandler from Application class org.keycloak.services.resources.KeycloakApplication
2020-10-04 09:38:13,463 INFO  [org.jboss.resteasy.resteasy_jaxrs.i18n] (ServerService Thread Pool -- 57) RESTEASY002205: Adding provider class org.keycloak.services.filters.KeycloakSecurityHeadersFilter from Application class org.keycloak.services.resources.KeycloakApplication
2020-10-04 09:38:13,463 INFO  [org.jboss.resteasy.resteasy_jaxrs.i18n] (ServerService Thread Pool -- 57) RESTEASY002220: Adding singleton resource org.keycloak.services.resources.admin.AdminRoot from Application class org.keycloak.services.resources.KeycloakApplication
2020-10-04 09:38:13,468 INFO  [org.jboss.resteasy.resteasy_jaxrs.i18n] (ServerService Thread Pool -- 57) RESTEASY002220: Adding singleton resource org.keycloak.services.resources.RobotsResource from Application class org.keycloak.services.resources.KeycloakApplication
2020-10-04 09:38:13,468 INFO  [org.jboss.resteasy.resteasy_jaxrs.i18n] (ServerService Thread Pool -- 57) RESTEASY002220: Adding singleton resource org.keycloak.services.resources.RealmsResource from Application class org.keycloak.services.resources.KeycloakApplication
2020-10-04 09:38:13,468 INFO  [org.jboss.resteasy.resteasy_jaxrs.i18n] (ServerService Thread Pool -- 57) RESTEASY002210: Adding provider singleton org.keycloak.services.util.ObjectMapperResolver from Application class org.keycloak.services.resources.KeycloakApplication
2020-10-04 09:38:13,468 INFO  [org.jboss.resteasy.resteasy_jaxrs.i18n] (ServerService Thread Pool -- 57) RESTEASY002220: Adding singleton resource org.keycloak.services.resources.WelcomeResource from Application class org.keycloak.services.resources.KeycloakApplication
2020-10-04 09:38:14,084 INFO  [org.wildfly.extension.undertow] (ServerService Thread Pool -- 57) WFLYUT0021: Registered web context: '/auth' for server 'default-server'
2020-10-04 09:38:14,206 INFO  [org.jboss.as.server] (ServerService Thread Pool -- 55) WFLYSRV0010: Deployed "keycloak-server.war" (runtime-name : "keycloak-server.war")
2020-10-04 09:38:14,256 INFO  [org.jboss.as.server] (Controller Boot Thread) WFLYSRV0212: Resuming server
2020-10-04 09:38:14,261 INFO  [org.jboss.as] (Controller Boot Thread) WFLYSRV0025: Keycloak 11.0.2 (WildFly Core 12.0.3.Final) started in 79904ms - Started 588 of 886 services (601 services are lazy, passive or on-demand)
2020-10-04 09:38:14,266 INFO  [org.jboss.as] (Controller Boot Thread) WFLYSRV0060: Http management interface listening on http://127.0.0.1:9990/management
2020-10-04 09:38:14,266 INFO  [org.jboss.as] (Controller Boot Thread) WFLYSRV0051: Admin console listening on http://127.0.0.1:9990
2020-10-04 09:48:50,704 INFO  [org.keycloak.services] (default task-3) KC-SERVICES0077: Created initial admin user with username admin
2020-10-04 09:48:57,624 INFO  [org.keycloak.keys.DefaultKeyManager] (default task-5) No keys found for realm=master and algorithm=HS256 for use=SIG. Generating keys.
2020-10-04 09:49:10,977 INFO  [org.keycloak.keys.DefaultKeyManager] (default task-3) No keys found for realm=master and algorithm=RS256 for use=SIG. Generating keys.
